<?xml version="1.0" encoding="UTF-8"?>
<testsuite xmlns:xsi="http://www.w3.org/2001/XMLSchema-instance" xsi:noNamespaceSchemaLocation="https://maven.apache.org/surefire/maven-surefire-plugin/xsd/surefire-test-report-3.0.xsd" version="3.0" name="runner.cucumberRunner" time="122.582" tests="6" errors="0" skipped="0" failures="0">
  <properties>
[...]
</properties>
  <testcase name="Validate the username/email field" classname="Testing Register Page" time="10.008">
    <system-out><![CDATA[
@smoke
Scenario: Validate the username/email field &amp#27;[90m# features/Regster.feature:4&amp#27;[0m
  &amp#27;[32mGiven &amp#27;[0m&amp#27;[32mAccess the index page url&amp#27;[0m           &amp#27;[90m# stepDefinitions.RegisterTest.Access_the_index_page_url()&amp#27;[0m
email
  &amp#27;[32mThen &amp#27;[0m&amp#27;[32mEnter the valid email id&amp#27;[0m             &amp#27;[90m# stepDefinitions.RegisterTest.Enter_the_valid_email_id()&amp#27;[0m
  &amp#27;[32mAnd &amp#27;[0m&amp#27;[32mTake the Screenshot of the page&amp#27;[0m       &amp#27;[90m# stepDefinitions.RegisterTest.Take_the_Screenshot_of_the_page()&amp#27;[0m
]]></system-out>
    <system-err><![CDATA[SLF4J: Failed to load class "org.slf4j.impl.StaticLoggerBinder".
SLF4J: Defaulting to no-operation (NOP) logger implementation
SLF4J: See http://www.slf4j.org/codes.html#StaticLoggerBinder for further details.
]]></system-err>
  </testcase>
  <testcase name="Test login for home-page" classname="Testing Home-page" time="35.873">
    <system-out><![CDATA[
Scenario: Test login for home-page                    &amp#27;[90m# features/Test.feature:6&amp#27;[0m
  &amp#27;[32mGiven &amp#27;[0m&amp#27;[32mAccess the url &amp#27;[0m&amp#27;[32m&amp#27;[1m"https://www.espncricinfo.com"&amp#27;[0m &amp#27;[90m# stepDefinitions.Test1.access_the_url(java.lang.String)&amp#27;[0m
  &amp#27;[32mWhen &amp#27;[0m&amp#27;[32mpage loads expand the page&amp#27;[0m                     &amp#27;[90m# stepDefinitions.Test1.page_loads_expand_the_page()&amp#27;[0m
  &amp#27;[32mThen &amp#27;[0m&amp#27;[32mVerify the page title&amp#27;[0m                          &amp#27;[90m# stepDefinitions.Test1.verify_the_page_title()&amp#27;[0m
]]></system-out>
  </testcase>
  <testcase name="Validate the alert pop-up" classname="Testing Home-page" time="75.402">
    <system-out><![CDATA[
Scenario: Validate the alert pop-up                   &amp#27;[90m# features/Test.feature:13&amp#27;[0m
  &amp#27;[32mGiven &amp#27;[0m&amp#27;[32mAccess the url &amp#27;[0m&amp#27;[32m&amp#27;[1m"https://www.espncricinfo.com"&amp#27;[0m &amp#27;[90m# stepDefinitions.Test1.access_the_url(java.lang.String)&amp#27;[0m
  &amp#27;[32mWhen &amp#27;[0m&amp#27;[32mpage loads wait for ten seconds&amp#27;[0m                &amp#27;[90m# stepDefinitions.Test1.page_loads_wait_for_ten_seconds()&amp#27;[0m
Get notified on all the cricket events, it's more than just scores!
  &amp#27;[32mThen &amp#27;[0m&amp#27;[32malert popup should be displayed&amp#27;[0m                &amp#27;[90m# stepDefinitions.Test1.alert_popup_should_be_displayed()&amp#27;[0m
  &amp#27;[32mAnd &amp#27;[0m&amp#27;[32mUser should click on cancel&amp#27;[0m                     &amp#27;[90m# stepDefinitions.Test1.User_should_click_on_cancel()&amp#27;[0m
]]></system-out>
  </testcase>
  <testcase name="To Test Username and password #1" classname="To Test group of data" time="0.079">
    <system-out><![CDATA[
@regTest
Scenario Outline: To Test Username and password          &amp#27;[90m# features/Test01.feature:12&amp#27;[0m
  &amp#27;[32mGiven &amp#27;[0m&amp#27;[32mLogin to the page &amp#27;[0m&amp#27;[32m&amp#27;[1m"https://www.espncricinfo.com"&amp#27;[0m &amp#27;[90m# stepDefinitions.dataTest.login_to_the_page(java.lang.String)&amp#27;[0m
  &amp#27;[32mWhen &amp#27;[0m&amp#27;[32mpage loads&amp#27;[0m                                        &amp#27;[90m# stepDefinitions.dataTest.page_loads()&amp#27;[0m
arun
1234
  &amp#27;[32mThen &amp#27;[0m&amp#27;[32mEnter the &amp#27;[0m&amp#27;[32m&amp#27;[1m"arun"&amp#27;[0m&amp#27;[32m and &amp#27;[0m&amp#27;[32m&amp#27;[1m"1234"&amp#27;[0m                       &amp#27;[90m# stepDefinitions.dataTest.enter_the_and(java.lang.String,java.lang.String)&amp#27;[0m
]]></system-out>
  </testcase>
  <testcase name="To Test Username and password #2" classname="To Test group of data" time="0.257">
    <system-out><![CDATA[
@regTest
Scenario Outline: To Test Username and password          &amp#27;[90m# features/Test01.feature:13&amp#27;[0m
  &amp#27;[32mGiven &amp#27;[0m&amp#27;[32mLogin to the page &amp#27;[0m&amp#27;[32m&amp#27;[1m"https://www.espncricinfo.com"&amp#27;[0m &amp#27;[90m# stepDefinitions.dataTest.login_to_the_page(java.lang.String)&amp#27;[0m
  &amp#27;[32mWhen &amp#27;[0m&amp#27;[32mpage loads&amp#27;[0m                                        &amp#27;[90m# stepDefinitions.dataTest.page_loads()&amp#27;[0m
tom
123
  &amp#27;[32mThen &amp#27;[0m&amp#27;[32mEnter the &amp#27;[0m&amp#27;[32m&amp#27;[1m"tom"&amp#27;[0m&amp#27;[32m and &amp#27;[0m&amp#27;[32m&amp#27;[1m"123"&amp#27;[0m                         &amp#27;[90m# stepDefinitions.dataTest.enter_the_and(java.lang.String,java.lang.String)&amp#27;[0m
]]></system-out>
  </testcase>
  <testcase name="Testing valid username" classname="To Test group of data" time="0.042">
    <system-out><![CDATA[
@regTest
Scenario: Testing valid username     &amp#27;[90m# features/Test01.feature:16&amp#27;[0m
Venkatesh
Tom
Arun
  &amp#27;[32mThen &amp#27;[0m&amp#27;[32mEntered <username> is correct&amp#27;[0m &amp#27;[90m# stepDefinitions.dataTest.entered_username_is_correct(io.cucumber.datatable.DataTable)&amp#27;[0m
    | Venkatesh | Tom | Arun |
]]></system-out>
  </testcase>
</testsuite>